{"C:\\MyAgent\\Front\\actions-runner\\_work\\frontend_pruebas\\frontend_pruebas\\src\\app\\core\\services\\auth\\auth.ts": {"path":"C:\\MyAgent\\Front\\actions-runner\\_work\\frontend_pruebas\\frontend_pruebas\\src\\app\\core\\services\\auth\\auth.ts","statementMap":{"0":{"start":{"line":1,"column":0},"end":{"line":10,"column":null}},"1":{"start":{"line":3,"column":0},"end":{"line":3,"column":null}},"2":{"start":{"line":11,"column":13},"end":{"line":9,"column":null}},"3":{"start":{"line":12,"column":10},"end":{"line":12,"column":null}},"4":{"start":{"line":13,"column":10},"end":{"line":13,"column":null}},"5":{"start":{"line":14,"column":19},"end":{"line":14,"column":null}},"6":{"start":{"line":17,"column":4},"end":{"line":23,"column":null}},"7":{"start":{"line":19,"column":22},"end":{"line":19,"column":null}},"8":{"start":{"line":20,"column":8},"end":{"line":22,"column":null}},"9":{"start":{"line":21,"column":10},"end":{"line":21,"column":null}},"10":{"start":{"line":29,"column":4},"end":{"line":29,"column":null}},"11":{"start":{"line":30,"column":4},"end":{"line":30,"column":null}},"12":{"start":{"line":34,"column":4},"end":{"line":34,"column":null}},"13":{"start":{"line":38,"column":18},"end":{"line":38,"column":null}},"14":{"start":{"line":39,"column":4},"end":{"line":39,"column":null}},"15":{"start":{"line":40,"column":4},"end":{"line":40,"column":null}},"16":{"start":{"line":11,"column":13},"end":{"line":11,"column":null}},"17":{"start":{"line":11,"column":13},"end":{"line":10,"column":null}}},"fnMap":{"0":{"name":"login","decl":{"start":{"line":16,"column":2},"end":{"line":16,"column":8}},"loc":{"start":{"line":16,"column":33},"end":{"line":25,"column":null}},"line":16},"1":{"name":"(anonymous_1)","decl":{"start":{"line":18,"column":10},"end":{"line":18,"column":11}},"loc":{"start":{"line":18,"column":28},"end":{"line":23,"column":7}},"line":18},"2":{"name":"logout","decl":{"start":{"line":28,"column":2},"end":{"line":28,"column":8}},"loc":{"start":{"line":28,"column":8},"end":{"line":31,"column":null}},"line":28},"3":{"name":"getToken","decl":{"start":{"line":33,"column":2},"end":{"line":33,"column":10}},"loc":{"start":{"line":33,"column":10},"end":{"line":35,"column":null}},"line":33},"4":{"name":"isLoggedIn","decl":{"start":{"line":37,"column":2},"end":{"line":37,"column":12}},"loc":{"start":{"line":37,"column":12},"end":{"line":41,"column":null}},"line":37}},"branchMap":{"0":{"loc":{"start":{"line":19,"column":22},"end":{"line":19,"column":null}},"type":"binary-expr","locations":[{"start":{"line":19,"column":22},"end":{"line":19,"column":41}},{"start":{"line":19,"column":41},"end":{"line":19,"column":null}}],"line":19},"1":{"loc":{"start":{"line":20,"column":8},"end":{"line":22,"column":null}},"type":"if","locations":[{"start":{"line":20,"column":8},"end":{"line":22,"column":null}},{"start":{},"end":{}}],"line":20},"2":{"loc":{"start":{"line":11,"column":13},"end":{"line":11,"column":24}},"type":"binary-expr","locations":[{"start":{"line":11,"column":13},"end":{"line":11,"column":24}},{"start":{"line":11,"column":13},"end":{"line":11,"column":24}}],"line":11},"3":{"loc":{"start":{"line":11,"column":13},"end":{"line":10,"column":null}},"type":"binary-expr","locations":[{"start":{"line":11,"column":13},"end":{"line":11,"column":24}},{"start":{"line":11,"column":13},"end":{"line":11,"column":24}},{"start":{"line":11,"column":13},"end":{"line":10,"column":null}}],"line":11}},"s":{"0":3,"1":3,"2":3,"3":6,"4":6,"5":6,"6":1,"7":1,"8":1,"9":1,"10":1,"11":1,"12":3,"13":2,"14":2,"15":2,"16":6,"17":3},"f":{"0":1,"1":1,"2":1,"3":3,"4":2},"b":{"0":[1,0],"1":[1,0],"2":[6,6],"3":[3,3,3]},"meta":{"lastBranch":4,"lastFunction":5,"lastStatement":18,"seen":{"s:1:0:10:Infinity":0,"s:3:0:3:Infinity":1,"s:11:13:9:Infinity":2,"s:12:10:12:Infinity":3,"s:13:10:13:Infinity":4,"s:14:19:14:Infinity":5,"f:16:2:16:8":0,"s:17:4:23:Infinity":6,"f:18:10:18:11":1,"s:19:22:19:Infinity":7,"b:19:22:19:41:19:41:19:Infinity":0,"b:20:8:22:Infinity:undefined:undefined:undefined:undefined":1,"s:20:8:22:Infinity":8,"s:21:10:21:Infinity":9,"f:28:2:28:8":2,"s:29:4:29:Infinity":10,"s:30:4:30:Infinity":11,"f:33:2:33:10":3,"s:34:4:34:Infinity":12,"f:37:2:37:12":4,"s:38:18:38:Infinity":13,"s:39:4:39:Infinity":14,"s:40:4:40:Infinity":15,"s:11:13:11:Infinity":16,"b:11:13:11:24:11:13:11:24":2,"s:11:13:10:Infinity":17,"b:11:13:11:24:11:13:11:24:11:13:10:Infinity":3}}}
,"C:\\MyAgent\\Front\\actions-runner\\_work\\frontend_pruebas\\frontend_pruebas\\src\\app\\core\\services\\vehicle\\vehicle.ts": {"path":"C:\\MyAgent\\Front\\actions-runner\\_work\\frontend_pruebas\\frontend_pruebas\\src\\app\\core\\services\\vehicle\\vehicle.ts","statementMap":{"0":{"start":{"line":1,"column":0},"end":{"line":10,"column":null}},"1":{"start":{"line":3,"column":0},"end":{"line":3,"column":null}},"2":{"start":{"line":11,"column":13},"end":{"line":9,"column":null}},"3":{"start":{"line":12,"column":10},"end":{"line":12,"column":null}},"4":{"start":{"line":13,"column":19},"end":{"line":13,"column":null}},"5":{"start":{"line":16,"column":4},"end":{"line":16,"column":null}},"6":{"start":{"line":20,"column":4},"end":{"line":20,"column":null}},"7":{"start":{"line":24,"column":4},"end":{"line":24,"column":null}},"8":{"start":{"line":28,"column":4},"end":{"line":28,"column":null}},"9":{"start":{"line":32,"column":4},"end":{"line":32,"column":null}},"10":{"start":{"line":11,"column":13},"end":{"line":11,"column":null}},"11":{"start":{"line":11,"column":13},"end":{"line":10,"column":null}}},"fnMap":{"0":{"name":"getAll","decl":{"start":{"line":15,"column":2},"end":{"line":15,"column":8}},"loc":{"start":{"line":15,"column":8},"end":{"line":17,"column":null}},"line":15},"1":{"name":"getById","decl":{"start":{"line":19,"column":2},"end":{"line":19,"column":10}},"loc":{"start":{"line":19,"column":20},"end":{"line":21,"column":null}},"line":19},"2":{"name":"create","decl":{"start":{"line":23,"column":2},"end":{"line":23,"column":9}},"loc":{"start":{"line":23,"column":35},"end":{"line":25,"column":null}},"line":23},"3":{"name":"update","decl":{"start":{"line":27,"column":2},"end":{"line":27,"column":9}},"loc":{"start":{"line":27,"column":47},"end":{"line":29,"column":null}},"line":27},"4":{"name":"delete","decl":{"start":{"line":31,"column":2},"end":{"line":31,"column":9}},"loc":{"start":{"line":31,"column":19},"end":{"line":33,"column":null}},"line":31}},"branchMap":{"0":{"loc":{"start":{"line":11,"column":13},"end":{"line":11,"column":27}},"type":"binary-expr","locations":[{"start":{"line":11,"column":13},"end":{"line":11,"column":27}},{"start":{"line":11,"column":13},"end":{"line":11,"column":27}}],"line":11},"1":{"loc":{"start":{"line":11,"column":13},"end":{"line":10,"column":null}},"type":"binary-expr","locations":[{"start":{"line":11,"column":13},"end":{"line":11,"column":27}},{"start":{"line":11,"column":13},"end":{"line":11,"column":27}},{"start":{"line":11,"column":13},"end":{"line":10,"column":null}}],"line":11}},"s":{"0":3,"1":3,"2":3,"3":5,"4":5,"5":1,"6":1,"7":0,"8":1,"9":1,"10":5,"11":3},"f":{"0":1,"1":1,"2":0,"3":1,"4":1},"b":{"0":[5,5],"1":[3,3,3]},"meta":{"lastBranch":2,"lastFunction":5,"lastStatement":12,"seen":{"s:1:0:10:Infinity":0,"s:3:0:3:Infinity":1,"s:11:13:9:Infinity":2,"s:12:10:12:Infinity":3,"s:13:19:13:Infinity":4,"f:15:2:15:8":0,"s:16:4:16:Infinity":5,"f:19:2:19:10":1,"s:20:4:20:Infinity":6,"f:23:2:23:9":2,"s:24:4:24:Infinity":7,"f:27:2:27:9":3,"s:28:4:28:Infinity":8,"f:31:2:31:9":4,"s:32:4:32:Infinity":9,"s:11:13:11:Infinity":10,"b:11:13:11:27:11:13:11:27":0,"s:11:13:10:Infinity":11,"b:11:13:11:27:11:13:11:27:11:13:10:Infinity":1}}}
,"C:\\MyAgent\\Front\\actions-runner\\_work\\frontend_pruebas\\frontend_pruebas\\src\\app\\features\\auth\\login\\login.ts": {"path":"C:\\MyAgent\\Front\\actions-runner\\_work\\frontend_pruebas\\frontend_pruebas\\src\\app\\features\\auth\\login\\login.ts","statementMap":{"0":{"start":{"line":33,"column":10},"end":{"line":33,"column":16}},"1":{"start":{"line":34,"column":12},"end":{"line":34,"column":null}},"2":{"start":{"line":35,"column":10},"end":{"line":35,"column":null}},"3":{"start":{"line":46,"column":10},"end":{"line":46,"column":16}},"4":{"start":{"line":47,"column":12},"end":{"line":47,"column":null}},"5":{"start":{"line":48,"column":10},"end":{"line":48,"column":null}},"6":{"start":{"line":51,"column":8},"end":{"line":53,"column":null}},"7":{"start":{"line":55,"column":16},"end":{"line":55,"column":null}},"8":{"start":{"line":56,"column":14},"end":{"line":58,"column":null}},"9":{"start":{"line":64,"column":12},"end":{"line":64,"column":19}},"10":{"start":{"line":65,"column":14},"end":{"line":65,"column":null}},"11":{"start":{"line":66,"column":16},"end":{"line":66,"column":null}},"12":{"start":{"line":68,"column":14},"end":{"line":68,"column":null}},"13":{"start":{"line":1,"column":0},"end":{"line":80,"column":null}},"14":{"start":{"line":4,"column":0},"end":{"line":4,"column":null}},"15":{"start":{"line":80,"column":13},"end":{"line":10,"column":46}},"16":{"start":{"line":81,"column":10},"end":{"line":81,"column":null}},"17":{"start":{"line":82,"column":10},"end":{"line":82,"column":null}},"18":{"start":{"line":83,"column":10},"end":{"line":83,"column":null}},"19":{"start":{"line":85,"column":14},"end":{"line":88,"column":null}},"20":{"start":{"line":90,"column":17},"end":{"line":90,"column":null}},"21":{"start":{"line":91,"column":12},"end":{"line":91,"column":null}},"22":{"start":{"line":94,"column":4},"end":{"line":112,"column":null}},"23":{"start":{"line":95,"column":6},"end":{"line":95,"column":null}},"24":{"start":{"line":96,"column":6},"end":{"line":96,"column":null}},"25":{"start":{"line":98,"column":26},"end":{"line":100,"column":null}},"26":{"start":{"line":103,"column":6},"end":{"line":111,"column":null}},"27":{"start":{"line":105,"column":10},"end":{"line":105,"column":null}},"28":{"start":{"line":108,"column":10},"end":{"line":108,"column":null}},"29":{"start":{"line":109,"column":10},"end":{"line":109,"column":null}},"30":{"start":{"line":80,"column":13},"end":{"line":80,"column":null}},"31":{"start":{"line":80,"column":27},"end":{"line":75,"column":null}},"32":{"start":{"line":12,"column":0},"end":{"line":13,"column":null}},"33":{"start":{"line":15,"column":6},"end":{"line":15,"column":null}},"34":{"start":{"line":16,"column":4},"end":{"line":16,"column":null}},"35":{"start":{"line":17,"column":4},"end":{"line":17,"column":null}},"36":{"start":{"line":18,"column":6},"end":{"line":18,"column":null}},"37":{"start":{"line":19,"column":4},"end":{"line":19,"column":null}},"38":{"start":{"line":22,"column":2},"end":{"line":23,"column":null}},"39":{"start":{"line":24,"column":36},"end":{"line":24,"column":null}},"40":{"start":{"line":24,"column":36},"end":{"line":24,"column":58}},"41":{"start":{"line":25,"column":8},"end":{"line":25,"column":null}},"42":{"start":{"line":27,"column":12},"end":{"line":27,"column":null}},"43":{"start":{"line":28,"column":10},"end":{"line":28,"column":null}},"44":{"start":{"line":29,"column":10},"end":{"line":29,"column":null}},"45":{"start":{"line":30,"column":12},"end":{"line":30,"column":null}},"46":{"start":{"line":32,"column":10},"end":{"line":32,"column":null}},"47":{"start":{"line":36,"column":8},"end":{"line":36,"column":null}},"48":{"start":{"line":38,"column":8},"end":{"line":38,"column":null}},"49":{"start":{"line":40,"column":12},"end":{"line":40,"column":null}},"50":{"start":{"line":41,"column":10},"end":{"line":41,"column":null}},"51":{"start":{"line":42,"column":10},"end":{"line":42,"column":null}},"52":{"start":{"line":43,"column":12},"end":{"line":43,"column":null}},"53":{"start":{"line":45,"column":10},"end":{"line":45,"column":null}},"54":{"start":{"line":49,"column":8},"end":{"line":49,"column":null}},"55":{"start":{"line":51,"column":8},"end":{"line":51,"column":14}},"56":{"start":{"line":61,"column":8},"end":{"line":61,"column":null}},"57":{"start":{"line":70,"column":12},"end":{"line":70,"column":null}},"58":{"start":{"line":71,"column":10},"end":{"line":75,"column":null}},"59":{"start":{"line":24,"column":12},"end":{"line":24,"column":36}},"60":{"start":{"line":33,"column":16},"end":{"line":33,"column":null}},"61":{"start":{"line":46,"column":16},"end":{"line":46,"column":null}},"62":{"start":{"line":51,"column":14},"end":{"line":51,"column":82}},"63":{"start":{"line":62,"column":32},"end":{"line":62,"column":null}},"64":{"start":{"line":64,"column":19},"end":{"line":64,"column":null}},"65":{"start":{"line":80,"column":13},"end":{"line":77,"column":null}}},"fnMap":{"0":{"name":"onSubmit","decl":{"start":{"line":93,"column":2},"end":{"line":93,"column":10}},"loc":{"start":{"line":93,"column":10},"end":{"line":113,"column":null}},"line":93},"1":{"name":"(anonymous_1)","decl":{"start":{"line":104,"column":14},"end":{"line":104,"column":19}},"loc":{"start":{"line":104,"column":19},"end":{"line":106,"column":null}},"line":104},"2":{"name":"(anonymous_2)","decl":{"start":{"line":107,"column":15},"end":{"line":107,"column":16}},"loc":{"start":{"line":107,"column":23},"end":{"line":110,"column":null}},"line":107},"3":{"name":"template","decl":{"start":{"line":80,"column":27},"end":{"line":80,"column":null}},"loc":{"start":{"line":80,"column":27},"end":{"line":10,"column":24}},"line":80},"4":{"name":"LoginComponent_Template_form_ngSubmit_8_listener","decl":{"start":{"line":24,"column":36},"end":{"line":24,"column":48}},"loc":{"start":{"line":24,"column":36},"end":{"line":24,"column":null}},"line":24}},"branchMap":{"0":{"loc":{"start":{"line":94,"column":4},"end":{"line":112,"column":null}},"type":"if","locations":[{"start":{"line":94,"column":4},"end":{"line":112,"column":null}},{"start":{},"end":{}}],"line":94},"1":{"loc":{"start":{"line":109,"column":30},"end":{"line":109,"column":null}},"type":"binary-expr","locations":[{"start":{"line":109,"column":30},"end":{"line":109,"column":52}},{"start":{"line":109,"column":52},"end":{"line":109,"column":null}}],"line":109},"2":{"loc":{"start":{"line":80,"column":13},"end":{"line":80,"column":27}},"type":"binary-expr","locations":[{"start":{"line":80,"column":13},"end":{"line":80,"column":27}},{"start":{"line":80,"column":13},"end":{"line":80,"column":27}}],"line":80},"3":{"loc":{"start":{"line":80,"column":27},"end":{"line":75,"column":null}},"type":"if","locations":[{"start":{"line":80,"column":27},"end":{"line":75,"column":null}},{"start":{},"end":{}}],"line":80},"4":{"loc":{"start":{"line":33,"column":16},"end":{"line":33,"column":null}},"type":"binary-expr","locations":[{"start":{"line":33,"column":16},"end":{"line":33,"column":null}},{"start":{"line":33,"column":16},"end":{"line":33,"column":null}}],"line":33},"5":{"loc":{"start":{"line":46,"column":16},"end":{"line":46,"column":null}},"type":"binary-expr","locations":[{"start":{"line":46,"column":16},"end":{"line":46,"column":null}},{"start":{"line":46,"column":16},"end":{"line":46,"column":null}}],"line":46},"6":{"loc":{"start":{"line":62,"column":32},"end":{"line":62,"column":null}},"type":"binary-expr","locations":[{"start":{"line":62,"column":32},"end":{"line":62,"column":null}},{"start":{"line":62,"column":32},"end":{"line":62,"column":null}}],"line":62},"7":{"loc":{"start":{"line":80,"column":13},"end":{"line":77,"column":null}},"type":"binary-expr","locations":[{"start":{"line":80,"column":13},"end":{"line":80,"column":27}},{"start":{"line":80,"column":13},"end":{"line":80,"column":27}},{"start":{"line":80,"column":13},"end":{"line":77,"column":null}}],"line":80},"8":{"loc":{"start":{"line":80,"column":13},"end":{"line":80,"column":null}},"type":"binary-expr","locations":[{"start":{"line":80,"column":13},"end":{"line":80,"column":27}},{"start":{"line":80,"column":13},"end":{"line":80,"column":27}},{"start":{"line":80,"column":13},"end":{"line":80,"column":null}}],"line":80}},"s":{"0":6,"1":1,"2":1,"3":6,"4":0,"5":0,"6":0,"7":0,"8":0,"9":6,"10":0,"11":0,"12":0,"13":1,"14":1,"15":1,"16":6,"17":6,"18":6,"19":6,"20":6,"21":6,"22":3,"23":3,"24":3,"25":3,"26":3,"27":1,"28":2,"29":2,"30":1,"31":20,"32":6,"33":6,"34":6,"35":6,"36":6,"37":6,"38":6,"39":6,"40":0,"41":6,"42":6,"43":6,"44":6,"45":6,"46":6,"47":6,"48":6,"49":6,"50":6,"51":6,"52":6,"53":6,"54":6,"55":6,"56":6,"57":6,"58":6,"59":14,"60":14,"61":14,"62":14,"63":14,"64":14,"65":1},"f":{"0":3,"1":1,"2":2,"3":1,"4":0},"b":{"0":[3,0],"1":[2,1],"2":[6,6],"3":[6,14],"4":[14,18],"5":[14,14],"6":[14,0],"7":[1,1,1],"8":[1,1,1]},"meta":{"lastBranch":9,"lastFunction":5,"lastStatement":66,"seen":{"s:33:10:33:16":0,"s:34:12:34:Infinity":1,"s:35:10:35:Infinity":2,"s:46:10:46:16":3,"s:47:12:47:Infinity":4,"s:48:10:48:Infinity":5,"s:51:8:53:Infinity":6,"s:55:16:55:Infinity":7,"s:56:14:58:Infinity":8,"s:64:12:64:19":9,"s:65:14:65:Infinity":10,"s:66:16:66:Infinity":11,"s:68:14:68:Infinity":12,"s:1:0:80:Infinity":13,"s:4:0:4:Infinity":14,"s:80:13:10:46":15,"s:81:10:81:Infinity":16,"s:82:10:82:Infinity":17,"s:83:10:83:Infinity":18,"s:85:14:88:Infinity":19,"s:90:17:90:Infinity":20,"s:91:12:91:Infinity":21,"f:93:2:93:10":0,"b:94:4:112:Infinity:undefined:undefined:undefined:undefined":0,"s:94:4:112:Infinity":22,"s:95:6:95:Infinity":23,"s:96:6:96:Infinity":24,"s:98:26:100:Infinity":25,"s:103:6:111:Infinity":26,"f:104:14:104:19":1,"s:105:10:105:Infinity":27,"f:107:15:107:16":2,"s:108:10:108:Infinity":28,"s:109:10:109:Infinity":29,"b:109:30:109:52:109:52:109:Infinity":1,"s:80:13:80:Infinity":30,"b:80:13:80:27:80:13:80:27":2,"f:80:27:80:Infinity":3,"b:80:27:75:Infinity:undefined:undefined:undefined:undefined":3,"s:80:27:75:Infinity":31,"s:12:0:13:Infinity":32,"s:15:6:15:Infinity":33,"s:16:4:16:Infinity":34,"s:17:4:17:Infinity":35,"s:18:6:18:Infinity":36,"s:19:4:19:Infinity":37,"s:22:2:23:Infinity":38,"s:24:36:24:Infinity":39,"f:24:36:24:48":4,"s:24:36:24:58":40,"s:25:8:25:Infinity":41,"s:27:12:27:Infinity":42,"s:28:10:28:Infinity":43,"s:29:10:29:Infinity":44,"s:30:12:30:Infinity":45,"s:32:10:32:Infinity":46,"s:36:8:36:Infinity":47,"s:38:8:38:Infinity":48,"s:40:12:40:Infinity":49,"s:41:10:41:Infinity":50,"s:42:10:42:Infinity":51,"s:43:12:43:Infinity":52,"s:45:10:45:Infinity":53,"s:49:8:49:Infinity":54,"s:51:8:51:14":55,"s:61:8:61:Infinity":56,"s:70:12:70:Infinity":57,"s:71:10:75:Infinity":58,"s:24:12:24:36":59,"s:33:16:33:Infinity":60,"b:33:16:33:Infinity:33:16:33:Infinity":4,"s:46:16:46:Infinity":61,"b:46:16:46:Infinity:46:16:46:Infinity":5,"s:51:14:51:82":62,"s:62:32:62:Infinity":63,"b:62:32:62:Infinity:62:32:62:Infinity":6,"s:64:19:64:Infinity":64,"s:80:13:77:Infinity":65,"b:80:13:80:27:80:13:80:27:80:13:77:Infinity":7,"b:80:13:80:27:80:13:80:27:80:13:80:Infinity":8}}}
,"C:\\MyAgent\\Front\\actions-runner\\_work\\frontend_pruebas\\frontend_pruebas\\src\\app\\features\\vehicles\\vehicle-form\\vehicle-form.html": {"path":"C:\\MyAgent\\Front\\actions-runner\\_work\\frontend_pruebas\\frontend_pruebas\\src\\app\\features\\vehicles\\vehicle-form\\vehicle-form.html","statementMap":{"0":{"start":{"line":17,"column":8},"end":{"line":17,"column":14}},"1":{"start":{"line":18,"column":10},"end":{"line":18,"column":null}},"2":{"start":{"line":19,"column":8},"end":{"line":19,"column":null}},"3":{"start":{"line":47,"column":6},"end":{"line":47,"column":null}},"4":{"start":{"line":48,"column":40},"end":{"line":48,"column":58}},"5":{"start":{"line":48,"column":58},"end":{"line":48,"column":null}},"6":{"start":{"line":1,"column":0},"end":{"line":3,"column":null}},"7":{"start":{"line":5,"column":8},"end":{"line":5,"column":null}},"8":{"start":{"line":6,"column":6},"end":{"line":6,"column":null}},"9":{"start":{"line":7,"column":6},"end":{"line":7,"column":null}},"10":{"start":{"line":8,"column":8},"end":{"line":8,"column":null}},"11":{"start":{"line":9,"column":6},"end":{"line":9,"column":null}},"12":{"start":{"line":12,"column":4},"end":{"line":12,"column":10}},"13":{"start":{"line":12,"column":36},"end":{"line":12,"column":null}},"14":{"start":{"line":12,"column":36},"end":{"line":12,"column":58}},"15":{"start":{"line":13,"column":6},"end":{"line":13,"column":null}},"16":{"start":{"line":14,"column":63},"end":{"line":14,"column":68}},"17":{"start":{"line":14,"column":68},"end":{"line":14,"column":null}},"18":{"start":{"line":15,"column":8},"end":{"line":15,"column":null}},"19":{"start":{"line":20,"column":6},"end":{"line":20,"column":null}},"20":{"start":{"line":22,"column":6},"end":{"line":22,"column":null}},"21":{"start":{"line":23,"column":63},"end":{"line":23,"column":68}},"22":{"start":{"line":23,"column":68},"end":{"line":23,"column":null}},"23":{"start":{"line":24,"column":8},"end":{"line":24,"column":null}},"24":{"start":{"line":26,"column":6},"end":{"line":26,"column":null}},"25":{"start":{"line":28,"column":6},"end":{"line":28,"column":null}},"26":{"start":{"line":29,"column":63},"end":{"line":29,"column":69}},"27":{"start":{"line":29,"column":69},"end":{"line":29,"column":null}},"28":{"start":{"line":30,"column":8},"end":{"line":30,"column":null}},"29":{"start":{"line":32,"column":6},"end":{"line":32,"column":null}},"30":{"start":{"line":34,"column":6},"end":{"line":35,"column":null}},"31":{"start":{"line":36,"column":65},"end":{"line":36,"column":68}},"32":{"start":{"line":36,"column":68},"end":{"line":36,"column":null}},"33":{"start":{"line":37,"column":10},"end":{"line":37,"column":null}},"34":{"start":{"line":39,"column":8},"end":{"line":39,"column":null}},"35":{"start":{"line":40,"column":8},"end":{"line":40,"column":null}},"36":{"start":{"line":41,"column":65},"end":{"line":41,"column":70}},"37":{"start":{"line":41,"column":70},"end":{"line":41,"column":null}},"38":{"start":{"line":42,"column":10},"end":{"line":42,"column":null}},"39":{"start":{"line":44,"column":8},"end":{"line":44,"column":null}},"40":{"start":{"line":47,"column":6},"end":{"line":47,"column":12}},"41":{"start":{"line":51,"column":6},"end":{"line":51,"column":null}},"42":{"start":{"line":53,"column":10},"end":{"line":53,"column":null}},"43":{"start":{"line":54,"column":8},"end":{"line":54,"column":null}},"44":{"start":{"line":55,"column":8},"end":{"line":55,"column":30}},"45":{"start":{"line":57,"column":10},"end":{"line":57,"column":null}},"46":{"start":{"line":58,"column":8},"end":{"line":61,"column":null}},"47":{"start":{"line":12,"column":10},"end":{"line":12,"column":36}},"48":{"start":{"line":17,"column":14},"end":{"line":17,"column":null}},"49":{"start":{"line":47,"column":12},"end":{"line":47,"column":80}},"50":{"start":{"line":55,"column":30},"end":{"line":55,"column":null}}},"fnMap":{"0":{"name":"VehicleFormComponent_Template_form_ngSubmit_7_listener","decl":{"start":{"line":12,"column":36},"end":{"line":12,"column":48}},"loc":{"start":{"line":12,"column":36},"end":{"line":12,"column":null}},"line":12}},"branchMap":{"0":{"loc":{"start":{"line":5,"column":8},"end":{"line":5,"column":null}},"type":"cond-expr","locations":[{"start":{"line":5,"column":8},"end":{"line":5,"column":null}},{"start":{"line":5,"column":8},"end":{"line":5,"column":null}}],"line":5},"1":{"loc":{"start":{"line":17,"column":14},"end":{"line":17,"column":null}},"type":"binary-expr","locations":[{"start":{"line":17,"column":14},"end":{"line":17,"column":null}},{"start":{"line":17,"column":14},"end":{"line":17,"column":null}}],"line":17},"2":{"loc":{"start":{"line":55,"column":30},"end":{"line":55,"column":null}},"type":"binary-expr","locations":[{"start":{"line":55,"column":30},"end":{"line":55,"column":null}},{"start":{"line":55,"column":30},"end":{"line":55,"column":null}}],"line":55},"3":{"loc":{"start":{"line":57,"column":10},"end":{"line":57,"column":null}},"type":"cond-expr","locations":[{"start":{"line":57,"column":10},"end":{"line":57,"column":null}},{"start":{"line":57,"column":10},"end":{"line":57,"column":null}}],"line":57}},"s":{"0":6,"1":0,"2":0,"3":0,"4":0,"5":0,"6":6,"7":12,"8":6,"9":6,"10":6,"11":6,"12":6,"13":6,"14":0,"15":6,"16":6,"17":6,"18":6,"19":6,"20":6,"21":6,"22":6,"23":6,"24":6,"25":6,"26":6,"27":6,"28":6,"29":6,"30":6,"31":6,"32":6,"33":6,"34":6,"35":6,"36":6,"37":6,"38":6,"39":6,"40":6,"41":6,"42":6,"43":6,"44":6,"45":12,"46":6,"47":12,"48":12,"49":12,"50":12},"f":{"0":0},"b":{"0":[0,12],"1":[12,12],"2":[12,0],"3":[0,12]},"meta":{"lastBranch":4,"lastFunction":1,"lastStatement":51,"seen":{"s:17:8:17:14":0,"s:18:10:18:Infinity":1,"s:19:8:19:Infinity":2,"s:47:6:47:Infinity":3,"s:48:40:48:58":4,"s:48:58:48:Infinity":5,"s:1:0:3:Infinity":6,"s:5:8:5:Infinity":7,"s:6:6:6:Infinity":8,"s:7:6:7:Infinity":9,"s:8:8:8:Infinity":10,"s:9:6:9:Infinity":11,"s:12:4:12:10":12,"s:12:36:12:Infinity":13,"f:12:36:12:48":0,"s:12:36:12:58":14,"s:13:6:13:Infinity":15,"s:14:63:14:68":16,"s:14:68:14:Infinity":17,"s:15:8:15:Infinity":18,"s:20:6:20:Infinity":19,"s:22:6:22:Infinity":20,"s:23:63:23:68":21,"s:23:68:23:Infinity":22,"s:24:8:24:Infinity":23,"s:26:6:26:Infinity":24,"s:28:6:28:Infinity":25,"s:29:63:29:69":26,"s:29:69:29:Infinity":27,"s:30:8:30:Infinity":28,"s:32:6:32:Infinity":29,"s:34:6:35:Infinity":30,"s:36:65:36:68":31,"s:36:68:36:Infinity":32,"s:37:10:37:Infinity":33,"s:39:8:39:Infinity":34,"s:40:8:40:Infinity":35,"s:41:65:41:70":36,"s:41:70:41:Infinity":37,"s:42:10:42:Infinity":38,"s:44:8:44:Infinity":39,"s:47:6:47:12":40,"s:51:6:51:Infinity":41,"s:53:10:53:Infinity":42,"s:54:8:54:Infinity":43,"s:55:8:55:30":44,"s:57:10:57:Infinity":45,"s:58:8:61:Infinity":46,"b:5:8:5:Infinity:5:8:5:Infinity":0,"s:12:10:12:36":47,"s:17:14:17:Infinity":48,"b:17:14:17:Infinity:17:14:17:Infinity":1,"s:47:12:47:80":49,"s:55:30:55:Infinity":50,"b:55:30:55:Infinity:55:30:55:Infinity":2,"b:57:10:57:Infinity:57:10:57:Infinity":3}}}
,"C:\\MyAgent\\Front\\actions-runner\\_work\\frontend_pruebas\\frontend_pruebas\\src\\app\\features\\vehicles\\vehicle-form\\vehicle-form.ts": {"path":"C:\\MyAgent\\Front\\actions-runner\\_work\\frontend_pruebas\\frontend_pruebas\\src\\app\\features\\vehicles\\vehicle-form\\vehicle-form.ts","statementMap":{"0":{"start":{"line":1,"column":0},"end":{"line":16,"column":null}},"1":{"start":{"line":5,"column":0},"end":{"line":5,"column":null}},"2":{"start":{"line":16,"column":13},"end":{"line":12,"column":60}},"3":{"start":{"line":17,"column":10},"end":{"line":17,"column":null}},"4":{"start":{"line":18,"column":10},"end":{"line":18,"column":null}},"5":{"start":{"line":19,"column":10},"end":{"line":19,"column":null}},"6":{"start":{"line":20,"column":10},"end":{"line":20,"column":null}},"7":{"start":{"line":22,"column":16},"end":{"line":28,"column":null}},"8":{"start":{"line":30,"column":15},"end":{"line":30,"column":null}},"9":{"start":{"line":31,"column":29},"end":{"line":31,"column":null}},"10":{"start":{"line":32,"column":12},"end":{"line":32,"column":null}},"11":{"start":{"line":33,"column":17},"end":{"line":33,"column":null}},"12":{"start":{"line":36,"column":4},"end":{"line":36,"column":null}},"13":{"start":{"line":37,"column":4},"end":{"line":40,"column":null}},"14":{"start":{"line":38,"column":6},"end":{"line":38,"column":null}},"15":{"start":{"line":39,"column":6},"end":{"line":39,"column":null}},"16":{"start":{"line":44,"column":4},"end":{"line":44,"column":null}},"17":{"start":{"line":44,"column":25},"end":{"line":44,"column":null}},"18":{"start":{"line":45,"column":4},"end":{"line":45,"column":null}},"19":{"start":{"line":46,"column":4},"end":{"line":46,"column":null}},"20":{"start":{"line":47,"column":4},"end":{"line":69,"column":null}},"21":{"start":{"line":48,"column":27},"end":{"line":48,"column":47}},"22":{"start":{"line":51,"column":10},"end":{"line":51,"column":null}},"23":{"start":{"line":52,"column":23},"end":{"line":52,"column":null}},"24":{"start":{"line":53,"column":10},"end":{"line":62,"column":null}},"25":{"start":{"line":54,"column":35},"end":{"line":59,"column":null}},"26":{"start":{"line":61,"column":12},"end":{"line":61,"column":null}},"27":{"start":{"line":66,"column":10},"end":{"line":66,"column":null}},"28":{"start":{"line":67,"column":10},"end":{"line":67,"column":null}},"29":{"start":{"line":73,"column":4},"end":{"line":89,"column":null}},"30":{"start":{"line":74,"column":6},"end":{"line":74,"column":null}},"31":{"start":{"line":75,"column":26},"end":{"line":75,"column":null}},"32":{"start":{"line":77,"column":23},"end":{"line":79,"column":null}},"33":{"start":{"line":81,"column":6},"end":{"line":88,"column":null}},"34":{"start":{"line":82,"column":29},"end":{"line":82,"column":49}},"35":{"start":{"line":84,"column":22},"end":{"line":84,"column":null}},"36":{"start":{"line":86,"column":12},"end":{"line":86,"column":null}},"37":{"start":{"line":16,"column":13},"end":{"line":16,"column":null}},"38":{"start":{"line":16,"column":33},"end":{"line":61,"column":null}},"39":{"start":{"line":16,"column":13},"end":{"line":12,"column":null}}},"fnMap":{"0":{"name":"ngOnInit","decl":{"start":{"line":35,"column":2},"end":{"line":35,"column":10}},"loc":{"start":{"line":35,"column":10},"end":{"line":41,"column":null}},"line":35},"1":{"name":"loadVehicle","decl":{"start":{"line":43,"column":2},"end":{"line":43,"column":13}},"loc":{"start":{"line":43,"column":13},"end":{"line":70,"column":null}},"line":43},"2":{"name":"(anonymous_2)","decl":{"start":{"line":48,"column":21},"end":{"line":48,"column":27}},"loc":{"start":{"line":48,"column":27},"end":{"line":48,"column":47}},"line":48},"3":{"name":"(anonymous_3)","decl":{"start":{"line":50,"column":14},"end":{"line":50,"column":15}},"loc":{"start":{"line":50,"column":27},"end":{"line":64,"column":null}},"line":50},"4":{"name":"(anonymous_4)","decl":{"start":{"line":65,"column":15},"end":{"line":65,"column":16}},"loc":{"start":{"line":65,"column":23},"end":{"line":68,"column":null}},"line":65},"5":{"name":"onSubmit","decl":{"start":{"line":72,"column":2},"end":{"line":72,"column":10}},"loc":{"start":{"line":72,"column":10},"end":{"line":90,"column":null}},"line":72},"6":{"name":"(anonymous_6)","decl":{"start":{"line":82,"column":23},"end":{"line":82,"column":29}},"loc":{"start":{"line":82,"column":29},"end":{"line":82,"column":49}},"line":82},"7":{"name":"(anonymous_7)","decl":{"start":{"line":84,"column":16},"end":{"line":84,"column":22}},"loc":{"start":{"line":84,"column":22},"end":{"line":84,"column":null}},"line":84},"8":{"name":"(anonymous_8)","decl":{"start":{"line":85,"column":17},"end":{"line":85,"column":18}},"loc":{"start":{"line":85,"column":25},"end":{"line":87,"column":null}},"line":85},"9":{"name":"template","decl":{"start":{"line":16,"column":33},"end":{"line":16,"column":null}},"loc":{"start":{"line":16,"column":33},"end":{"line":12,"column":24}},"line":16}},"branchMap":{"0":{"loc":{"start":{"line":37,"column":4},"end":{"line":40,"column":null}},"type":"if","locations":[{"start":{"line":37,"column":4},"end":{"line":40,"column":null}},{"start":{},"end":{}}],"line":37},"1":{"loc":{"start":{"line":44,"column":4},"end":{"line":44,"column":null}},"type":"if","locations":[{"start":{"line":44,"column":4},"end":{"line":44,"column":null}},{"start":{},"end":{}}],"line":44},"2":{"loc":{"start":{"line":52,"column":23},"end":{"line":52,"column":null}},"type":"binary-expr","locations":[{"start":{"line":52,"column":23},"end":{"line":52,"column":36}},{"start":{"line":52,"column":36},"end":{"line":52,"column":null}}],"line":52},"3":{"loc":{"start":{"line":53,"column":10},"end":{"line":62,"column":null}},"type":"if","locations":[{"start":{"line":53,"column":10},"end":{"line":62,"column":null}},{"start":{},"end":{}}],"line":53},"4":{"loc":{"start":{"line":55,"column":21},"end":{"line":55,"column":null}},"type":"binary-expr","locations":[{"start":{"line":55,"column":21},"end":{"line":55,"column":35}},{"start":{"line":55,"column":35},"end":{"line":55,"column":null}}],"line":55},"5":{"loc":{"start":{"line":56,"column":21},"end":{"line":56,"column":null}},"type":"binary-expr","locations":[{"start":{"line":56,"column":21},"end":{"line":56,"column":35}},{"start":{"line":56,"column":35},"end":{"line":56,"column":null}}],"line":56},"6":{"loc":{"start":{"line":57,"column":22},"end":{"line":57,"column":null}},"type":"binary-expr","locations":[{"start":{"line":57,"column":22},"end":{"line":57,"column":37}},{"start":{"line":57,"column":37},"end":{"line":57,"column":null}}],"line":57},"7":{"loc":{"start":{"line":58,"column":20},"end":{"line":58,"column":null}},"type":"binary-expr","locations":[{"start":{"line":58,"column":20},"end":{"line":58,"column":33}},{"start":{"line":58,"column":33},"end":{"line":58,"column":null}}],"line":58},"8":{"loc":{"start":{"line":59,"column":21},"end":{"line":59,"column":null}},"type":"binary-expr","locations":[{"start":{"line":59,"column":21},"end":{"line":59,"column":35}},{"start":{"line":59,"column":35},"end":{"line":59,"column":null}}],"line":59},"9":{"loc":{"start":{"line":73,"column":4},"end":{"line":89,"column":null}},"type":"if","locations":[{"start":{"line":73,"column":4},"end":{"line":89,"column":null}},{"start":{},"end":{}}],"line":73},"10":{"loc":{"start":{"line":77,"column":23},"end":{"line":79,"column":null}},"type":"cond-expr","locations":[{"start":{"line":78,"column":10},"end":{"line":78,"column":null}},{"start":{"line":79,"column":10},"end":{"line":79,"column":null}}],"line":77},"11":{"loc":{"start":{"line":77,"column":23},"end":{"line":77,"column":null}},"type":"binary-expr","locations":[{"start":{"line":77,"column":23},"end":{"line":77,"column":42}},{"start":{"line":77,"column":42},"end":{"line":77,"column":null}}],"line":77},"12":{"loc":{"start":{"line":86,"column":32},"end":{"line":86,"column":null}},"type":"binary-expr","locations":[{"start":{"line":86,"column":32},"end":{"line":86,"column":54}},{"start":{"line":86,"column":54},"end":{"line":86,"column":76}},{"start":{"line":86,"column":76},"end":{"line":86,"column":null}}],"line":86},"13":{"loc":{"start":{"line":16,"column":13},"end":{"line":16,"column":33}},"type":"binary-expr","locations":[{"start":{"line":16,"column":13},"end":{"line":16,"column":33}},{"start":{"line":16,"column":13},"end":{"line":16,"column":33}}],"line":16},"14":{"loc":{"start":{"line":16,"column":33},"end":{"line":61,"column":null}},"type":"if","locations":[{"start":{"line":16,"column":33},"end":{"line":61,"column":null}},{"start":{},"end":{}}],"line":16},"15":{"loc":{"start":{"line":16,"column":13},"end":{"line":12,"column":null}},"type":"binary-expr","locations":[{"start":{"line":16,"column":13},"end":{"line":16,"column":33}},{"start":{"line":16,"column":13},"end":{"line":16,"column":33}},{"start":{"line":16,"column":13},"end":{"line":12,"column":null}}],"line":16},"16":{"loc":{"start":{"line":16,"column":13},"end":{"line":16,"column":null}},"type":"binary-expr","locations":[{"start":{"line":16,"column":13},"end":{"line":16,"column":33}},{"start":{"line":16,"column":13},"end":{"line":16,"column":33}},{"start":{"line":16,"column":13},"end":{"line":16,"column":null}}],"line":16}},"s":{"0":1,"1":1,"2":1,"3":6,"4":6,"5":6,"6":6,"7":6,"8":6,"9":6,"10":6,"11":6,"12":7,"13":7,"14":1,"15":1,"16":1,"17":0,"18":1,"19":1,"20":1,"21":1,"22":1,"23":1,"24":1,"25":1,"26":1,"27":0,"28":0,"29":3,"30":3,"31":3,"32":3,"33":3,"34":3,"35":2,"36":1,"37":1,"38":18,"39":1},"f":{"0":7,"1":1,"2":1,"3":1,"4":0,"5":3,"6":3,"7":2,"8":1,"9":1},"b":{"0":[1,6],"1":[0,1],"2":[1,0],"3":[1,0],"4":[1,0],"5":[1,0],"6":[1,1],"7":[1,1],"8":[1,1],"9":[3,0],"10":[1,2],"11":[3,1],"12":[1,1,0],"13":[6,6],"14":[6,12],"15":[1,1,1],"16":[1,1,1]},"meta":{"lastBranch":17,"lastFunction":10,"lastStatement":40,"seen":{"s:1:0:16:Infinity":0,"s:5:0:5:Infinity":1,"s:16:13:12:60":2,"s:17:10:17:Infinity":3,"s:18:10:18:Infinity":4,"s:19:10:19:Infinity":5,"s:20:10:20:Infinity":6,"s:22:16:28:Infinity":7,"s:30:15:30:Infinity":8,"s:31:29:31:Infinity":9,"s:32:12:32:Infinity":10,"s:33:17:33:Infinity":11,"f:35:2:35:10":0,"s:36:4:36:Infinity":12,"b:37:4:40:Infinity:undefined:undefined:undefined:undefined":0,"s:37:4:40:Infinity":13,"s:38:6:38:Infinity":14,"s:39:6:39:Infinity":15,"f:43:2:43:13":1,"b:44:4:44:Infinity:undefined:undefined:undefined:undefined":1,"s:44:4:44:Infinity":16,"s:44:25:44:Infinity":17,"s:45:4:45:Infinity":18,"s:46:4:46:Infinity":19,"s:47:4:69:Infinity":20,"f:48:21:48:27":2,"s:48:27:48:47":21,"f:50:14:50:15":3,"s:51:10:51:Infinity":22,"s:52:23:52:Infinity":23,"b:52:23:52:36:52:36:52:Infinity":2,"b:53:10:62:Infinity:undefined:undefined:undefined:undefined":3,"s:53:10:62:Infinity":24,"s:54:35:59:Infinity":25,"b:55:21:55:35:55:35:55:Infinity":4,"b:56:21:56:35:56:35:56:Infinity":5,"b:57:22:57:37:57:37:57:Infinity":6,"b:58:20:58:33:58:33:58:Infinity":7,"b:59:21:59:35:59:35:59:Infinity":8,"s:61:12:61:Infinity":26,"f:65:15:65:16":4,"s:66:10:66:Infinity":27,"s:67:10:67:Infinity":28,"f:72:2:72:10":5,"b:73:4:89:Infinity:undefined:undefined:undefined:undefined":9,"s:73:4:89:Infinity":29,"s:74:6:74:Infinity":30,"s:75:26:75:Infinity":31,"s:77:23:79:Infinity":32,"b:78:10:78:Infinity:79:10:79:Infinity":10,"b:77:23:77:42:77:42:77:Infinity":11,"s:81:6:88:Infinity":33,"f:82:23:82:29":6,"s:82:29:82:49":34,"f:84:16:84:22":7,"s:84:22:84:Infinity":35,"f:85:17:85:18":8,"s:86:12:86:Infinity":36,"b:86:32:86:54:86:54:86:76:86:76:86:Infinity":12,"s:16:13:16:Infinity":37,"b:16:13:16:33:16:13:16:33":13,"f:16:33:16:Infinity":9,"b:16:33:61:Infinity:undefined:undefined:undefined:undefined":14,"s:16:33:61:Infinity":38,"s:16:13:12:Infinity":39,"b:16:13:16:33:16:13:16:33:16:13:12:Infinity":15,"b:16:13:16:33:16:13:16:33:16:13:16:Infinity":16}}}
,"C:\\MyAgent\\Front\\actions-runner\\_work\\frontend_pruebas\\frontend_pruebas\\src\\app\\features\\vehicles\\vehicle-list\\vehicle-list.ts": {"path":"C:\\MyAgent\\Front\\actions-runner\\_work\\frontend_pruebas\\frontend_pruebas\\src\\app\\features\\vehicles\\vehicle-list\\vehicle-list.ts","statementMap":{"0":{"start":{"line":41,"column":6},"end":{"line":41,"column":12}},"1":{"start":{"line":42,"column":8},"end":{"line":42,"column":null}},"2":{"start":{"line":43,"column":10},"end":{"line":43,"column":null}},"3":{"start":{"line":45,"column":8},"end":{"line":45,"column":null}},"4":{"start":{"line":48,"column":6},"end":{"line":48,"column":null}},"5":{"start":{"line":49,"column":40},"end":{"line":49,"column":58}},"6":{"start":{"line":49,"column":58},"end":{"line":49,"column":null}},"7":{"start":{"line":52,"column":6},"end":{"line":52,"column":null}},"8":{"start":{"line":53,"column":33},"end":{"line":53,"column":62}},"9":{"start":{"line":53,"column":62},"end":{"line":53,"column":null}},"10":{"start":{"line":58,"column":10},"end":{"line":60,"column":null}},"11":{"start":{"line":62,"column":18},"end":{"line":62,"column":null}},"12":{"start":{"line":63,"column":16},"end":{"line":63,"column":null}},"13":{"start":{"line":64,"column":16},"end":{"line":65,"column":null}},"14":{"start":{"line":67,"column":22},"end":{"line":67,"column":null}},"15":{"start":{"line":68,"column":20},"end":{"line":68,"column":null}},"16":{"start":{"line":69,"column":20},"end":{"line":69,"column":null}},"17":{"start":{"line":70,"column":22},"end":{"line":70,"column":null}},"18":{"start":{"line":71,"column":20},"end":{"line":73,"column":null}},"19":{"start":{"line":75,"column":14},"end":{"line":75,"column":null}},"20":{"start":{"line":77,"column":18},"end":{"line":77,"column":null}},"21":{"start":{"line":78,"column":16},"end":{"line":78,"column":null}},"22":{"start":{"line":79,"column":16},"end":{"line":79,"column":24}},"23":{"start":{"line":79,"column":24},"end":{"line":79,"column":null}},"24":{"start":{"line":79,"column":24},"end":{"line":79,"column":33}},"25":{"start":{"line":80,"column":18},"end":{"line":80,"column":null}},"26":{"start":{"line":81,"column":16},"end":{"line":83,"column":null}},"27":{"start":{"line":76,"column":19},"end":{"line":76,"column":null}},"28":{"start":{"line":56,"column":6},"end":{"line":56,"column":null}},"29":{"start":{"line":58,"column":10},"end":{"line":58,"column":34}},"30":{"start":{"line":85,"column":8},"end":{"line":85,"column":null}},"31":{"start":{"line":58,"column":34},"end":{"line":58,"column":47}},"32":{"start":{"line":1,"column":0},"end":{"line":93,"column":null}},"33":{"start":{"line":4,"column":0},"end":{"line":4,"column":null}},"34":{"start":{"line":6,"column":0},"end":{"line":6,"column":null}},"35":{"start":{"line":93,"column":13},"end":{"line":12,"column":39}},"36":{"start":{"line":94,"column":10},"end":{"line":94,"column":null}},"37":{"start":{"line":95,"column":10},"end":{"line":95,"column":null}},"38":{"start":{"line":97,"column":25},"end":{"line":97,"column":null}},"39":{"start":{"line":98,"column":12},"end":{"line":98,"column":null}},"40":{"start":{"line":99,"column":17},"end":{"line":99,"column":null}},"41":{"start":{"line":102,"column":4},"end":{"line":102,"column":null}},"42":{"start":{"line":106,"column":4},"end":{"line":106,"column":null}},"43":{"start":{"line":107,"column":4},"end":{"line":107,"column":null}},"44":{"start":{"line":108,"column":4},"end":{"line":128,"column":null}},"45":{"start":{"line":109,"column":27},"end":{"line":109,"column":47}},"46":{"start":{"line":112,"column":10},"end":{"line":112,"column":null}},"47":{"start":{"line":113,"column":23},"end":{"line":113,"column":null}},"48":{"start":{"line":114,"column":10},"end":{"line":122,"column":null}},"49":{"start":{"line":114,"column":48},"end":{"line":122,"column":null}},"50":{"start":{"line":125,"column":10},"end":{"line":125,"column":null}},"51":{"start":{"line":126,"column":10},"end":{"line":126,"column":null}},"52":{"start":{"line":132,"column":4},"end":{"line":141,"column":null}},"53":{"start":{"line":133,"column":6},"end":{"line":140,"column":null}},"54":{"start":{"line":135,"column":10},"end":{"line":135,"column":null}},"55":{"start":{"line":135,"column":52},"end":{"line":135,"column":63}},"56":{"start":{"line":138,"column":10},"end":{"line":138,"column":null}},"57":{"start":{"line":145,"column":4},"end":{"line":145,"column":null}},"58":{"start":{"line":93,"column":13},"end":{"line":93,"column":null}},"59":{"start":{"line":93,"column":33},"end":{"line":88,"column":null}},"60":{"start":{"line":14,"column":0},"end":{"line":19,"column":null}},"61":{"start":{"line":20,"column":56},"end":{"line":20,"column":71}},"62":{"start":{"line":20,"column":71},"end":{"line":21,"column":null}},"63":{"start":{"line":23,"column":8},"end":{"line":23,"column":null}},"64":{"start":{"line":24,"column":18},"end":{"line":24,"column":null}},"65":{"start":{"line":24,"column":18},"end":{"line":24,"column":35}},"66":{"start":{"line":25,"column":12},"end":{"line":25,"column":null}},"67":{"start":{"line":26,"column":10},"end":{"line":29,"column":null}},"68":{"start":{"line":32,"column":2},"end":{"line":34,"column":null}},"69":{"start":{"line":35,"column":57},"end":{"line":35,"column":77}},"70":{"start":{"line":35,"column":77},"end":{"line":35,"column":null}},"71":{"start":{"line":36,"column":8},"end":{"line":36,"column":null}},"72":{"start":{"line":37,"column":10},"end":{"line":37,"column":null}},"73":{"start":{"line":38,"column":8},"end":{"line":38,"column":null}},"74":{"start":{"line":41,"column":6},"end":{"line":52,"column":null}},"75":{"start":{"line":87,"column":4},"end":{"line":88,"column":null}},"76":{"start":{"line":41,"column":12},"end":{"line":41,"column":61}},"77":{"start":{"line":48,"column":12},"end":{"line":48,"column":85}},"78":{"start":{"line":52,"column":12},"end":{"line":52,"column":121}},"79":{"start":{"line":56,"column":12},"end":{"line":56,"column":117}},"80":{"start":{"line":93,"column":13},"end":{"line":90,"column":null}}},"fnMap":{"0":{"name":"VehicleListComponent_div_21_li_2_Template_button_click_14_listener","decl":{"start":{"line":79,"column":24},"end":{"line":79,"column":33}},"loc":{"start":{"line":79,"column":24},"end":{"line":79,"column":null}},"line":79},"1":{"name":"ngOnInit","decl":{"start":{"line":101,"column":2},"end":{"line":101,"column":10}},"loc":{"start":{"line":101,"column":10},"end":{"line":103,"column":null}},"line":101},"2":{"name":"loadVehicles","decl":{"start":{"line":105,"column":2},"end":{"line":105,"column":14}},"loc":{"start":{"line":105,"column":14},"end":{"line":129,"column":null}},"line":105},"3":{"name":"(anonymous_3)","decl":{"start":{"line":109,"column":21},"end":{"line":109,"column":27}},"loc":{"start":{"line":109,"column":27},"end":{"line":109,"column":47}},"line":109},"4":{"name":"(anonymous_4)","decl":{"start":{"line":111,"column":14},"end":{"line":111,"column":15}},"loc":{"start":{"line":111,"column":27},"end":{"line":123,"column":null}},"line":111},"5":{"name":"(anonymous_5)","decl":{"start":{"line":114,"column":35},"end":{"line":114,"column":36}},"loc":{"start":{"line":114,"column":48},"end":{"line":122,"column":null}},"line":114},"6":{"name":"(anonymous_6)","decl":{"start":{"line":124,"column":15},"end":{"line":124,"column":16}},"loc":{"start":{"line":124,"column":23},"end":{"line":127,"column":null}},"line":124},"7":{"name":"deleteVehicle","decl":{"start":{"line":131,"column":2},"end":{"line":131,"column":16}},"loc":{"start":{"line":131,"column":26},"end":{"line":142,"column":null}},"line":131},"8":{"name":"(anonymous_8)","decl":{"start":{"line":134,"column":14},"end":{"line":134,"column":19}},"loc":{"start":{"line":134,"column":19},"end":{"line":136,"column":null}},"line":134},"9":{"name":"(anonymous_9)","decl":{"start":{"line":135,"column":47},"end":{"line":135,"column":52}},"loc":{"start":{"line":135,"column":52},"end":{"line":135,"column":63}},"line":135},"10":{"name":"(anonymous_10)","decl":{"start":{"line":137,"column":15},"end":{"line":137,"column":20}},"loc":{"start":{"line":137,"column":20},"end":{"line":139,"column":null}},"line":137},"11":{"name":"logout","decl":{"start":{"line":144,"column":2},"end":{"line":144,"column":8}},"loc":{"start":{"line":144,"column":8},"end":{"line":146,"column":null}},"line":144},"12":{"name":"template","decl":{"start":{"line":93,"column":33},"end":{"line":93,"column":null}},"loc":{"start":{"line":93,"column":33},"end":{"line":12,"column":24}},"line":93},"13":{"name":"VehicleListComponent_Template_button_click_9_listener","decl":{"start":{"line":24,"column":18},"end":{"line":24,"column":27}},"loc":{"start":{"line":24,"column":18},"end":{"line":24,"column":null}},"line":24}},"branchMap":{"0":{"loc":{"start":{"line":113,"column":23},"end":{"line":113,"column":null}},"type":"binary-expr","locations":[{"start":{"line":113,"column":23},"end":{"line":113,"column":36}},{"start":{"line":113,"column":36},"end":{"line":113,"column":49}},{"start":{"line":113,"column":49},"end":{"line":113,"column":null}}],"line":113},"1":{"loc":{"start":{"line":115,"column":16},"end":{"line":115,"column":null}},"type":"binary-expr","locations":[{"start":{"line":115,"column":16},"end":{"line":115,"column":24}},{"start":{"line":115,"column":24},"end":{"line":115,"column":null}}],"line":115},"2":{"loc":{"start":{"line":116,"column":19},"end":{"line":116,"column":null}},"type":"binary-expr","locations":[{"start":{"line":116,"column":19},"end":{"line":116,"column":30}},{"start":{"line":116,"column":30},"end":{"line":116,"column":null}}],"line":116},"3":{"loc":{"start":{"line":117,"column":19},"end":{"line":117,"column":null}},"type":"binary-expr","locations":[{"start":{"line":117,"column":19},"end":{"line":117,"column":30}},{"start":{"line":117,"column":30},"end":{"line":117,"column":null}}],"line":117},"4":{"loc":{"start":{"line":118,"column":20},"end":{"line":118,"column":null}},"type":"binary-expr","locations":[{"start":{"line":118,"column":20},"end":{"line":118,"column":32}},{"start":{"line":118,"column":32},"end":{"line":118,"column":null}}],"line":118},"5":{"loc":{"start":{"line":119,"column":18},"end":{"line":119,"column":null}},"type":"binary-expr","locations":[{"start":{"line":119,"column":18},"end":{"line":119,"column":28}},{"start":{"line":119,"column":28},"end":{"line":119,"column":null}}],"line":119},"6":{"loc":{"start":{"line":120,"column":19},"end":{"line":120,"column":null}},"type":"binary-expr","locations":[{"start":{"line":120,"column":19},"end":{"line":120,"column":30}},{"start":{"line":120,"column":30},"end":{"line":120,"column":null}}],"line":120},"7":{"loc":{"start":{"line":121,"column":27},"end":{"line":121,"column":null}},"type":"binary-expr","locations":[{"start":{"line":121,"column":27},"end":{"line":121,"column":46}},{"start":{"line":121,"column":46},"end":{"line":121,"column":null}}],"line":121},"8":{"loc":{"start":{"line":132,"column":4},"end":{"line":141,"column":null}},"type":"if","locations":[{"start":{"line":132,"column":4},"end":{"line":141,"column":null}},{"start":{},"end":{}}],"line":132},"9":{"loc":{"start":{"line":93,"column":13},"end":{"line":93,"column":33}},"type":"binary-expr","locations":[{"start":{"line":93,"column":13},"end":{"line":93,"column":33}},{"start":{"line":93,"column":13},"end":{"line":93,"column":33}}],"line":93},"10":{"loc":{"start":{"line":93,"column":33},"end":{"line":88,"column":null}},"type":"if","locations":[{"start":{"line":93,"column":33},"end":{"line":88,"column":null}},{"start":{},"end":{}}],"line":93},"11":{"loc":{"start":{"line":52,"column":12},"end":{"line":52,"column":121}},"type":"binary-expr","locations":[{"start":{"line":52,"column":12},"end":{"line":52,"column":121}},{"start":{"line":52,"column":12},"end":{"line":52,"column":121}},{"start":{"line":52,"column":12},"end":{"line":52,"column":121}}],"line":52},"12":{"loc":{"start":{"line":56,"column":12},"end":{"line":56,"column":117}},"type":"binary-expr","locations":[{"start":{"line":56,"column":12},"end":{"line":56,"column":117}},{"start":{"line":56,"column":12},"end":{"line":56,"column":117}},{"start":{"line":56,"column":12},"end":{"line":56,"column":117}}],"line":56},"13":{"loc":{"start":{"line":93,"column":13},"end":{"line":90,"column":null}},"type":"binary-expr","locations":[{"start":{"line":93,"column":13},"end":{"line":93,"column":33}},{"start":{"line":93,"column":13},"end":{"line":93,"column":33}},{"start":{"line":93,"column":13},"end":{"line":90,"column":null}}],"line":93},"14":{"loc":{"start":{"line":93,"column":13},"end":{"line":93,"column":null}},"type":"binary-expr","locations":[{"start":{"line":93,"column":13},"end":{"line":93,"column":33}},{"start":{"line":93,"column":13},"end":{"line":93,"column":33}},{"start":{"line":93,"column":13},"end":{"line":93,"column":null}}],"line":93}},"s":{"0":0,"1":0,"2":0,"3":0,"4":0,"5":0,"6":0,"7":8,"8":8,"9":8,"10":0,"11":0,"12":0,"13":0,"14":0,"15":0,"16":0,"17":0,"18":0,"19":0,"20":0,"21":0,"22":0,"23":0,"24":0,"25":0,"26":0,"27":0,"28":0,"29":0,"30":0,"31":0,"32":1,"33":1,"34":1,"35":1,"36":8,"37":8,"38":8,"39":8,"40":8,"41":8,"42":10,"43":10,"44":10,"45":10,"46":9,"47":9,"48":9,"49":1,"50":1,"51":1,"52":3,"53":2,"54":1,"55":1,"56":1,"57":1,"58":1,"59":26,"60":8,"61":8,"62":8,"63":8,"64":8,"65":0,"66":8,"67":8,"68":8,"69":8,"70":8,"71":8,"72":8,"73":8,"74":8,"75":8,"76":18,"77":18,"78":18,"79":18,"80":1},"f":{"0":0,"1":8,"2":10,"3":10,"4":9,"5":1,"6":1,"7":3,"8":1,"9":1,"10":1,"11":1,"12":1,"13":0},"b":{"0":[9,1,0],"1":[1,1],"2":[1,1],"3":[1,1],"4":[1,1],"5":[1,1],"6":[1,1],"7":[1,1],"8":[2,1],"9":[8,8],"10":[8,18],"11":[18,18,18],"12":[18,18,18],"13":[1,1,1],"14":[1,1,1]},"meta":{"lastBranch":15,"lastFunction":14,"lastStatement":81,"seen":{"s:41:6:41:12":0,"s:42:8:42:Infinity":1,"s:43:10:43:Infinity":2,"s:45:8:45:Infinity":3,"s:48:6:48:Infinity":4,"s:49:40:49:58":5,"s:49:58:49:Infinity":6,"s:52:6:52:Infinity":7,"s:53:33:53:62":8,"s:53:62:53:Infinity":9,"s:58:10:60:Infinity":10,"s:62:18:62:Infinity":11,"s:63:16:63:Infinity":12,"s:64:16:65:Infinity":13,"s:67:22:67:Infinity":14,"s:68:20:68:Infinity":15,"s:69:20:69:Infinity":16,"s:70:22:70:Infinity":17,"s:71:20:73:Infinity":18,"s:75:14:75:Infinity":19,"s:77:18:77:Infinity":20,"s:78:16:78:Infinity":21,"s:79:16:79:24":22,"s:79:24:79:Infinity":23,"f:79:24:79:33":0,"s:79:24:79:33":24,"s:80:18:80:Infinity":25,"s:81:16:83:Infinity":26,"s:76:19:76:Infinity":27,"s:56:6:56:Infinity":28,"s:58:10:58:34":29,"s:85:8:85:Infinity":30,"s:58:34:58:47":31,"s:1:0:93:Infinity":32,"s:4:0:4:Infinity":33,"s:6:0:6:Infinity":34,"s:93:13:12:39":35,"s:94:10:94:Infinity":36,"s:95:10:95:Infinity":37,"s:97:25:97:Infinity":38,"s:98:12:98:Infinity":39,"s:99:17:99:Infinity":40,"f:101:2:101:10":1,"s:102:4:102:Infinity":41,"f:105:2:105:14":2,"s:106:4:106:Infinity":42,"s:107:4:107:Infinity":43,"s:108:4:128:Infinity":44,"f:109:21:109:27":3,"s:109:27:109:47":45,"f:111:14:111:15":4,"s:112:10:112:Infinity":46,"s:113:23:113:Infinity":47,"b:113:23:113:36:113:36:113:49:113:49:113:Infinity":0,"s:114:10:122:Infinity":48,"f:114:35:114:36":5,"s:114:48:122:Infinity":49,"b:115:16:115:24:115:24:115:Infinity":1,"b:116:19:116:30:116:30:116:Infinity":2,"b:117:19:117:30:117:30:117:Infinity":3,"b:118:20:118:32:118:32:118:Infinity":4,"b:119:18:119:28:119:28:119:Infinity":5,"b:120:19:120:30:120:30:120:Infinity":6,"b:121:27:121:46:121:46:121:Infinity":7,"f:124:15:124:16":6,"s:125:10:125:Infinity":50,"s:126:10:126:Infinity":51,"f:131:2:131:16":7,"b:132:4:141:Infinity:undefined:undefined:undefined:undefined":8,"s:132:4:141:Infinity":52,"s:133:6:140:Infinity":53,"f:134:14:134:19":8,"s:135:10:135:Infinity":54,"f:135:47:135:52":9,"s:135:52:135:63":55,"f:137:15:137:20":10,"s:138:10:138:Infinity":56,"f:144:2:144:8":11,"s:145:4:145:Infinity":57,"s:93:13:93:Infinity":58,"b:93:13:93:33:93:13:93:33":9,"f:93:33:93:Infinity":12,"b:93:33:88:Infinity:undefined:undefined:undefined:undefined":10,"s:93:33:88:Infinity":59,"s:14:0:19:Infinity":60,"s:20:56:20:71":61,"s:20:71:21:Infinity":62,"s:23:8:23:Infinity":63,"s:24:18:24:Infinity":64,"f:24:18:24:27":13,"s:24:18:24:35":65,"s:25:12:25:Infinity":66,"s:26:10:29:Infinity":67,"s:32:2:34:Infinity":68,"s:35:57:35:77":69,"s:35:77:35:Infinity":70,"s:36:8:36:Infinity":71,"s:37:10:37:Infinity":72,"s:38:8:38:Infinity":73,"s:41:6:52:Infinity":74,"s:87:4:88:Infinity":75,"s:41:12:41:61":76,"s:48:12:48:85":77,"s:52:12:52:121":78,"b:52:12:52:121:52:12:52:121:52:12:52:121":11,"s:56:12:56:117":79,"b:56:12:56:117:56:12:56:117:56:12:56:117":12,"s:93:13:90:Infinity":80,"b:93:13:93:33:93:13:93:33:93:13:90:Infinity":13,"b:93:13:93:33:93:13:93:33:93:13:93:Infinity":14}}}
,"C:\\MyAgent\\Front\\actions-runner\\_work\\frontend_pruebas\\frontend_pruebas\\src\\environments\\environment.development.ts": {"path":"C:\\MyAgent\\Front\\actions-runner\\_work\\frontend_pruebas\\frontend_pruebas\\src\\environments\\environment.development.ts","statementMap":{"0":{"start":{"line":1,"column":0},"end":{"line":3,"column":null}},"1":{"start":{"line":1,"column":13},"end":{"line":3,"column":null}}},"fnMap":{},"branchMap":{},"s":{"0":5,"1":5},"f":{},"b":{},"meta":{"lastBranch":0,"lastFunction":0,"lastStatement":2,"seen":{"s:1:0:3:Infinity":0,"s:1:13:3:Infinity":1}}}
}
